{
  "ok": true,
  "runId": "2026-05-03T15:26:35.892Z",
  "skipped": true,
  "reason": "no new commits on origin/main since last check",
  "checkedCommit": "a41eb0b28d48e21162d8eba8354eb8eafbf33a56",
  "lastRunAt": "2026-05-03T13:58:56.326Z"
}
{
  "ok": false,
  "runId": "2026-05-03T15:41:44.607Z",
  "skipped": false,
  "forceMode": false,
  "previousCommit": "a41eb0b28d48e21162d8eba8354eb8eafbf33a56",
  "checkedCommit": "73561018009e06f32ad52ba0a9b7493802b29acc",
  "startedAt": "2026-05-03T15:41:44.607Z",
  "finishedAt": "2026-05-03T15:48:58.021Z",
  "steps": [
    {
      "step": "typecheck",
      "ok": false,
      "stderr": ""
    },
    {
      "step": "jest",
      "ok": true,
      "stdout": "> cybertrader-mobile@0.1.0-phase0 test\n> jest --runInBand --forceExit"
    },
    {
      "step": "health:live",
      "ok": true,
      "stdout": "> cybertrader-mobile@0.1.0-phase0 health:live\n> node scripts/check-live-deployment.mjs\n\n{\n  \"ok\": true,\n  \"url\": \"https://cyber-trader-age-of-pantheon-v6.vercel.app\",\n  \"status\": 200,\n  \"durationMs\": 329,\n  \"contentType\": \"text/html; charset=utf-8\",\n  \"vercelCache\": \"HIT\"\n}"
    }
  ]
}
{
  "ok": false,
  "runId": "2026-05-03T16:03:59.726Z",
  "skipped": false,
  "forceMode": false,
  "previousCommit": "73561018009e06f32ad52ba0a9b7493802b29acc",
  "checkedCommit": "7dc797a170887b85cdee3eea00467aea619e26b1",
  "startedAt": "2026-05-03T16:03:59.728Z",
  "finishedAt": "2026-05-03T16:07:54.433Z",
  "steps": [
    {
      "step": "typecheck",
      "ok": false,
      "stderr": ""
    },
    {
      "step": "jest",
      "ok": true,
      "stdout": "> cybertrader-mobile@0.1.0-phase0 test\n> jest --runInBand --forceExit"
    },
    {
      "step": "health:live",
      "ok": true,
      "stdout": "> cybertrader-mobile@0.1.0-phase0 health:live\n> node scripts/check-live-deployment.mjs\n\n{\n  \"ok\": true,\n  \"url\": \"https://cyber-trader-age-of-pantheon-v6.vercel.app\",\n  \"status\": 200,\n  \"durationMs\": 932,\n  \"contentType\": \"text/html; charset=utf-8\",\n  \"vercelCache\": \"HIT\"\n}"
    }
  ]
}
{
  "ok": true,
  "runId": "2026-05-03T16:22:55.806Z",
  "skipped": true,
  "reason": "no new commits on origin/main since last check",
  "checkedCommit": "39e990052e6e83beb5561a7a5ebc33cd8563bbf8",
  "lastRunAt": "2026-05-03T16:17:14.103Z"
}
{
  "ok": false,
  "runId": "2026-05-03T16:37:56.595Z",
  "skipped": false,
  "forceMode": false,
  "previousCommit": "39e990052e6e83beb5561a7a5ebc33cd8563bbf8",
  "checkedCommit": "2267b69dc8ea5d2fa31874b5684f188492ccce0a",
  "startedAt": "2026-05-03T16:37:56.596Z",
  "finishedAt": "2026-05-03T16:41:06.788Z",
  "steps": [
    {
      "step": "typecheck",
      "ok": false,
      "stderr": ""
    },
    {
      "step": "jest",
      "ok": true,
      "stdout": "> cybertrader-mobile@0.1.0-phase0 test\n> jest --runInBand --forceExit"
    },
    {
      "step": "health:live",
      "ok": true,
      "stdout": "> cybertrader-mobile@0.1.0-phase0 health:live\n> node scripts/check-live-deployment.mjs\n\n{\n  \"ok\": true,\n  \"url\": \"https://cyber-trader-age-of-pantheon-v6.vercel.app\",\n  \"status\": 200,\n  \"durationMs\": 758,\n  \"contentType\": \"text/html; charset=utf-8\",\n  \"vercelCache\": \"HIT\"\n}"
    }
  ]
}
{
  "ok": false,
  "runId": "2026-05-03T16:56:10.425Z",
  "skipped": false,
  "forceMode": false,
  "previousCommit": "2267b69dc8ea5d2fa31874b5684f188492ccce0a",
  "checkedCommit": "490d3878c130cb3aff3e76b70928e6b4b8af363a",
  "startedAt": "2026-05-03T16:56:10.426Z",
  "finishedAt": "2026-05-03T17:01:41.001Z",
  "steps": [
    {
      "step": "typecheck",
      "ok": false,
      "stderr": ""
    },
    {
      "step": "jest",
      "ok": true,
      "stdout": "> cybertrader-mobile@0.1.0-phase0 test\n> jest --runInBand --forceExit"
    },
    {
      "step": "health:live",
      "ok": true,
      "stdout": "> cybertrader-mobile@0.1.0-phase0 health:live\n> node scripts/check-live-deployment.mjs\n\n{\n  \"ok\": true,\n  \"url\": \"https://cyber-trader-age-of-pantheon-v6.vercel.app\",\n  \"status\": 200,\n  \"durationMs\": 130,\n  \"contentType\": \"text/html; charset=utf-8\",\n  \"vercelCache\": \"HIT\"\n}"
    }
  ]
}
{
  "ok": false,
  "runId": "2026-05-03T17:16:42.144Z",
  "skipped": false,
  "forceMode": false,
  "previousCommit": "490d3878c130cb3aff3e76b70928e6b4b8af363a",
  "checkedCommit": "1069ab16732c5e423717801c0274a49eabcad83f",
  "startedAt": "2026-05-03T17:16:42.145Z",
  "finishedAt": "2026-05-03T17:19:45.436Z",
  "steps": [
    {
      "step": "typecheck",
      "ok": false,
      "stderr": ""
    },
    {
      "step": "jest",
      "ok": true,
      "stdout": "> cybertrader-mobile@0.1.0-phase0 test\n> jest --runInBand --forceExit"
    },
    {
      "step": "health:live",
      "ok": true,
      "stdout": "> cybertrader-mobile@0.1.0-phase0 health:live\n> node scripts/check-live-deployment.mjs\n\n{\n  \"ok\": true,\n  \"url\": \"https://cyber-trader-age-of-pantheon-v6.vercel.app\",\n  \"status\": 200,\n  \"durationMs\": 830,\n  \"contentType\": \"text/html; charset=utf-8\",\n  \"vercelCache\": \"HIT\"\n}"
    }
  ]
}
{
  "ok": false,
  "runId": "2026-05-03T17:34:46.378Z",
  "skipped": false,
  "forceMode": false,
  "previousCommit": "1069ab16732c5e423717801c0274a49eabcad83f",
  "checkedCommit": "b649b041ec09822a62bd29cfa195860caf9b1db4",
  "startedAt": "2026-05-03T17:34:46.379Z",
  "finishedAt": "2026-05-03T17:37:53.488Z",
  "steps": [
    {
      "step": "typecheck",
      "ok": false,
      "stderr": ""
    },
    {
      "step": "jest",
      "ok": true,
      "stdout": "> cybertrader-mobile@0.1.0-phase0 test\n> jest --runInBand --forceExit"
    },
    {
      "step": "health:live",
      "ok": true,
      "stdout": "> cybertrader-mobile@0.1.0-phase0 health:live\n> node scripts/check-live-deployment.mjs\n\n{\n  \"ok\": true,\n  \"url\": \"https://cyber-trader-age-of-pantheon-v6.vercel.app\",\n  \"status\": 200,\n  \"durationMs\": 744,\n  \"contentType\": \"text/html; charset=utf-8\",\n  \"vercelCache\": \"HIT\"\n}"
    }
  ]
}
{
  "ok": true,
  "runId": "2026-05-03T17:52:54.554Z",
  "skipped": true,
  "reason": "no new commits on origin/main since last check",
  "checkedCommit": "640de085b411466cdda576407902822f2f00d231",
  "lastRunAt": "2026-05-03T17:48:03.926Z"
}
{
  "ok": false,
  "runId": "2026-05-03T18:07:58.959Z",
  "skipped": false,
  "forceMode": false,
  "previousCommit": "640de085b411466cdda576407902822f2f00d231",
  "checkedCommit": "5a0d7b9af63179e9bdd00721e2acef58707d784d",
  "startedAt": "2026-05-03T18:07:58.959Z",
  "finishedAt": "2026-05-03T18:13:14.222Z",
  "steps": [
    {
      "step": "typecheck",
      "ok": false,
      "stderr": ""
    },
    {
      "step": "jest",
      "ok": true,
      "stdout": "> cybertrader-mobile@0.1.0-phase0 test\n> jest --runInBand --forceExit"
    },
    {
      "step": "health:live",
      "ok": true,
      "stdout": "> cybertrader-mobile@0.1.0-phase0 health:live\n> node scripts/check-live-deployment.mjs\n\n{\n  \"ok\": true,\n  \"url\": \"https://cyber-trader-age-of-pantheon-v6.vercel.app\",\n  \"status\": 200,\n  \"durationMs\": 882,\n  \"contentType\": \"text/html; charset=utf-8\",\n  \"vercelCache\": \"HIT\"\n}"
    }
  ]
}
{
  "ok": true,
  "runId": "2026-05-03T18:28:19.608Z",
  "skipped": true,
  "reason": "no new commits on origin/main since last check",
  "checkedCommit": "5a0d7b9af63179e9bdd00721e2acef58707d784d",
  "lastRunAt": "2026-05-03T18:07:58.959Z"
}
{
  "ok": true,
  "runId": "2026-05-03T18:43:20.660Z",
  "skipped": true,
  "reason": "no new commits on origin/main since last check",
  "checkedCommit": "edd9daf25410e5e21c25b2bef7bc6d7048817343",
  "lastRunAt": "2026-05-03T18:39:05.913Z"
}
{
  "ok": false,
  "runId": "2026-05-03T18:58:21.643Z",
  "skipped": false,
  "forceMode": false,
  "previousCommit": "edd9daf25410e5e21c25b2bef7bc6d7048817343",
  "checkedCommit": "392989ffd33e534589813f8149263042137c43f7",
  "startedAt": "2026-05-03T18:58:21.644Z",
  "finishedAt": "2026-05-03T19:02:04.619Z",
  "steps": [
    {
      "step": "typecheck",
      "ok": false,
      "stderr": ""
    },
    {
      "step": "jest",
      "ok": true,
      "stdout": "> cybertrader-mobile@0.1.0-phase0 test\n> jest --runInBand --forceExit"
    },
    {
      "step": "health:live",
      "ok": true,
      "stdout": "> cybertrader-mobile@0.1.0-phase0 health:live\n> node scripts/check-live-deployment.mjs\n\n{\n  \"ok\": true,\n  \"url\": \"https://cyber-trader-age-of-pantheon-v6.vercel.app\",\n  \"status\": 200,\n  \"durationMs\": 805,\n  \"contentType\": \"text/html; charset=utf-8\",\n  \"vercelCache\": \"HIT\"\n}"
    }
  ]
}
{
  "ok": true,
  "runId": "2026-05-03T19:17:05.794Z",
  "skipped": true,
  "reason": "no new commits on origin/main since last check",
  "checkedCommit": "d23960654178a3a3e5ea5708e6833bea34616aa3",
  "lastRunAt": "2026-05-03T19:09:13.152Z"
}
{
  "ok": true,
  "runId": "2026-05-03T19:32:06.902Z",
  "skipped": true,
  "reason": "no new commits on origin/main since last check",
  "checkedCommit": "4ed8ef3b079b8d48e44bbbdf68212db94882a261",
  "lastRunAt": "2026-05-03T19:26:37.450Z"
}
{
  "ok": true,
  "runId": "2026-05-03T19:47:07.781Z",
  "skipped": true,
  "reason": "no new commits on origin/main since last check",
  "checkedCommit": "7fffb1aedeeccffe41eabf4ede3dd6910a8e1907",
  "lastRunAt": "2026-05-03T19:39:35.487Z"
}
{
  "ok": true,
  "runId": "2026-05-03T20:02:08.926Z",
  "skipped": true,
  "reason": "no new commits on origin/main since last check",
  "checkedCommit": "ac381fdd05ccecc07d1712ca306121dd60b9ddf1",
  "lastRunAt": "2026-05-03T19:48:53.671Z"
}
{
  "ok": true,
  "runId": "2026-05-03T20:17:10.113Z",
  "skipped": true,
  "reason": "no new commits on origin/main since last check",
  "checkedCommit": "2f61b1c20d584bc1cb4dfc14e2928dc14a6ab8fb",
  "lastRunAt": "2026-05-03T20:05:23.282Z"
}
{
  "ok": false,
  "runId": "2026-05-03T20:32:16.882Z",
  "skipped": false,
  "forceMode": false,
  "previousCommit": "2f61b1c20d584bc1cb4dfc14e2928dc14a6ab8fb",
  "checkedCommit": "0030fb8c267414d2694b9ccf502816ca5f92de97",
  "startedAt": "2026-05-03T20:32:16.883Z",
  "finishedAt": "2026-05-03T20:37:44.648Z",
  "steps": [
    {
      "step": "typecheck",
      "ok": false,
      "stderr": ""
    },
    {
      "step": "jest",
      "ok": true,
      "stdout": "> cybertrader-mobile@0.1.0-phase0 test\n> jest --runInBand --forceExit"
    },
    {
      "step": "health:live",
      "ok": true,
      "stdout": "> cybertrader-mobile@0.1.0-phase0 health:live\n> node scripts/check-live-deployment.mjs\n\n{\n  \"ok\": true,\n  \"url\": \"https://cyber-trader-age-of-pantheon-v6.vercel.app\",\n  \"status\": 200,\n  \"durationMs\": 795,\n  \"contentType\": \"text/html; charset=utf-8\",\n  \"vercelCache\": \"HIT\"\n}"
    }
  ]
}
{
  "ok": false,
  "runId": "2026-05-03T20:52:45.837Z",
  "skipped": false,
  "forceMode": false,
  "previousCommit": "0030fb8c267414d2694b9ccf502816ca5f92de97",
  "checkedCommit": "cc288f6c92f2dedd49c0e36c8490304148dad50e",
  "startedAt": "2026-05-03T20:52:45.838Z",
  "finishedAt": "2026-05-03T20:55:44.814Z",
  "steps": [
    {
      "step": "typecheck",
      "ok": false,
      "stderr": ""
    },
    {
      "step": "jest",
      "ok": true,
      "stdout": "> cybertrader-mobile@0.1.0-phase0 test\n> jest --runInBand --forceExit"
    },
    {
      "step": "health:live",
      "ok": true,
      "stdout": "> cybertrader-mobile@0.1.0-phase0 health:live\n> node scripts/check-live-deployment.mjs\n\n{\n  \"ok\": true,\n  \"url\": \"https://cyber-trader-age-of-pantheon-v6.vercel.app\",\n  \"status\": 200,\n  \"durationMs\": 779,\n  \"contentType\": \"text/html; charset=utf-8\",\n  \"vercelCache\": \"HIT\"\n}"
    }
  ]
}
{
  "ok": false,
  "runId": "2026-05-03T21:10:46.288Z",
  "skipped": false,
  "forceMode": false,
  "previousCommit": "cc288f6c92f2dedd49c0e36c8490304148dad50e",
  "checkedCommit": "810d78c6b07d68ec40c2b8cb089a7598bebe44d9",
  "startedAt": "2026-05-03T21:10:46.289Z",
  "finishedAt": "2026-05-03T21:15:50.668Z",
  "steps": [
    {
      "step": "typecheck",
      "ok": false,
      "stderr": ""
    },
    {
      "step": "jest",
      "ok": true,
      "stdout": "> cybertrader-mobile@0.1.0-phase0 test\n> jest --runInBand --forceExit"
    },
    {
      "step": "health:live",
      "ok": true,
      "stdout": "> cybertrader-mobile@0.1.0-phase0 health:live\n> node scripts/check-live-deployment.mjs\n\n{\n  \"ok\": true,\n  \"url\": \"https://cyber-trader-age-of-pantheon-v6.vercel.app\",\n  \"status\": 200,\n  \"durationMs\": 795,\n  \"contentType\": \"text/html; charset=utf-8\",\n  \"vercelCache\": \"HIT\"\n}"
    }
  ]
}
{
  "ok": false,
  "runId": "2026-05-03T21:30:52.261Z",
  "skipped": false,
  "forceMode": false,
  "previousCommit": "810d78c6b07d68ec40c2b8cb089a7598bebe44d9",
  "checkedCommit": "c24489880915b653cfb5c4f48bd942985ac81a1e",
  "startedAt": "2026-05-03T21:30:52.262Z",
  "finishedAt": "2026-05-03T21:36:04.140Z",
  "steps": [
    {
      "step": "typecheck",
      "ok": false,
      "stderr": ""
    },
    {
      "step": "jest",
      "ok": true,
      "stdout": "> cybertrader-mobile@0.1.0-phase0 test\n> jest --runInBand --forceExit"
    },
    {
      "step": "health:live",
      "ok": true,
      "stdout": "> cybertrader-mobile@0.1.0-phase0 health:live\n> node scripts/check-live-deployment.mjs\n\n{\n  \"ok\": true,\n  \"url\": \"https://cyber-trader-age-of-pantheon-v6.vercel.app\",\n  \"status\": 200,\n  \"durationMs\": 796,\n  \"contentType\": \"text/html; charset=utf-8\",\n  \"vercelCache\": \"HIT\"\n}"
    }
  ]
}
{
  "ok": true,
  "runId": "2026-05-03T21:51:07.726Z",
  "skipped": true,
  "reason": "no new commits on origin/main since last check",
  "checkedCommit": "c24489880915b653cfb5c4f48bd942985ac81a1e",
  "lastRunAt": "2026-05-03T21:30:52.261Z"
}
{
  "ok": false,
  "runId": "2026-05-03T22:06:09.033Z",
  "skipped": false,
  "forceMode": false,
  "previousCommit": "c24489880915b653cfb5c4f48bd942985ac81a1e",
  "checkedCommit": "e89243e52c901ba7864fcdacd829a30ecbaa4f9c",
  "startedAt": "2026-05-03T22:06:09.034Z",
  "finishedAt": "2026-05-03T22:09:28.266Z",
  "steps": [
    {
      "step": "typecheck",
      "ok": false,
      "stderr": ""
    },
    {
      "step": "jest",
      "ok": true,
      "stdout": "> cybertrader-mobile@0.1.0-phase0 test\n> jest --runInBand --forceExit"
    },
    {
      "step": "health:live",
      "ok": true,
      "stdout": "> cybertrader-mobile@0.1.0-phase0 health:live\n> node scripts/check-live-deployment.mjs\n\n{\n  \"ok\": true,\n  \"url\": \"https://cyber-trader-age-of-pantheon-v6.vercel.app\",\n  \"status\": 200,\n  \"durationMs\": 391,\n  \"contentType\": \"text/html; charset=utf-8\",\n  \"vercelCache\": \"HIT\"\n}"
    }
  ]
}
